<?xml version="1.0" encoding="UTF-8"?>
<testsuite name="arco.formulas.multaDeMora.TesteFormulaJurosDeMoraSelic" tests="1" skipped="0" failures="1" errors="0" timestamp="2016-08-03T17:37:37" hostname="IdeaPad-Z400" time="0.923">
  <properties/>
  <testcase name="Teste de calculo de multa de mora" classname="arco.formulas.multaDeMora.TesteFormulaJurosDeMoraSelic" time="0.923">
    <failure message="Condition not satisfied:&#10;&#10;calculadora.logUltimoCalculo[&quot;mes_final&quot;] == mes_final_juros&#10;|           |               |             |  |&#10;|           [:]             null          |  &quot;&quot;&#10;arco.Calculadora@5fd4bc03                 false&#10;" type="org.spockframework.runtime.SpockComparisonFailure">Condition not satisfied:

calculadora.logUltimoCalculo[&quot;mes_final&quot;] == mes_final_juros
|           |               |             |  |
|           [:]             null          |  &quot;&quot;
arco.Calculadora@5fd4bc03                 false

	at arco.formulas.multaDeMora.TesteFormulaJurosDeMoraSelic.Teste de calculo de multa de mora(TesteFormulaJurosDeMoraSelic.groovy:37)
</failure>
  </testcase>
  <system-out><![CDATA[]]></system-out>
  <system-err><![CDATA[]]></system-err>
</testsuite>
