<?xml version="1.0" encoding="UTF-8"?>
<testsuite name="arco.formulas.multaDeMora.TesteFormulaJurosDeMoraSelic" tests="1" skipped="0" failures="0" errors="0" timestamp="2016-08-03T18:33:43" hostname="IdeaPad-Z400" time="0.537">
  <properties/>
  <testcase name="Teste de calculo de multa de mora" classname="arco.formulas.multaDeMora.TesteFormulaJurosDeMoraSelic" time="0.537"/>
  <system-out><![CDATA[]]></system-out>
  <system-err><![CDATA[]]></system-err>
</testsuite>
