<?xml version="1.0" encoding="UTF-8"?>
<testsuite name="arco.formulas.multaDeMora.TesteReceitaTFF" tests="1" skipped="0" failures="0" errors="0" timestamp="2016-08-04T21:39:25" hostname="IdeaPad-Z400" time="1.221">
  <properties/>
  <testcase name="Teste de calculo TFF" classname="arco.formulas.multaDeMora.TesteReceitaTFF" time="1.221"/>
  <system-out><![CDATA[]]></system-out>
  <system-err><![CDATA[]]></system-err>
</testsuite>
