<?xml version="1.0" encoding="UTF-8"?>
<testsuite name="arco.formulas.multaDeMora.TesteFormulaMultaDeMora033Limite10" tests="2" skipped="0" failures="0" errors="0" timestamp="2016-08-03T15:02:45" hostname="IdeaPad-Z400" time="0.313">
  <properties/>
  <testcase name="Teste de calculo de multa de mora 2" classname="arco.formulas.multaDeMora.TesteFormulaMultaDeMora033Limite10" time="0.264"/>
  <testcase name="Teste de calculo de multa de mora sem data de vencimento" classname="arco.formulas.multaDeMora.TesteFormulaMultaDeMora033Limite10" time="0.048"/>
  <system-out><![CDATA[]]></system-out>
  <system-err><![CDATA[]]></system-err>
</testsuite>
